[2024-04-04 11:09:01,789] 22 root - INFO - Data ingestion start 
[2024-04-04 11:09:04,649] 27 root - INFO - Reading a DataFrame
[2024-04-04 11:09:05,623] 36 root - INFO - I have saved the raw dataset in artifact folder
[2024-04-04 11:09:05,623] 38 root - INFO - Here I have performed train test split
[2024-04-04 11:09:05,651] 42 root - INFO - train test split completed
[2024-04-04 11:09:06,642] 49 root - INFO - Data Ingestion Part Completed
[2024-04-04 11:09:06,792] 81 root - INFO - Read Train and Test Data Complete
[2024-04-04 11:09:06,798] 82 root - INFO - Train Dataframe Head : 
       id  carat      cut color clarity  depth  table     x     y     z  price
0   90415   0.30    Ideal     F     VS1   61.9   56.0  4.28  4.31  2.66    731
1  102127   1.20    Ideal     I     SI2   62.0   55.0  6.81  6.80  4.22   5199
2   46031   1.06    Ideal     I     SI2   60.2   60.0  6.58  6.67  3.99   4133
3  145308   1.21    Ideal     H     VS1   62.0   55.0  6.77  6.74  4.20   7759
4   89554   0.53  Premium     E     SI1   61.8   58.0  5.23  5.18  3.21   2021
[2024-04-04 11:09:06,801] 83 root - INFO - Test Dataframe Head : 
       id  carat        cut color clarity  depth  table     x     y     z  price
0  109138   0.52      Ideal     G    VVS1   62.1   55.0  5.17  5.19  3.22   2110
1  192153   1.51  Very Good     G     VS1   63.1   57.0  7.27  7.23  4.57  13047
2  182919   0.34      Ideal     I     SI1   61.9   54.0  4.50  4.53  2.80    692
3   20559   0.90  Very Good     D     SI1   62.3   63.0  6.17  6.11  3.82   3997
4  152887   0.91  Very Good     G     SI1   62.6   59.0  6.11  6.19  3.85   3941
[2024-04-04 11:09:06,802] 29 root - INFO - Data Transformation initiated
[2024-04-04 11:09:06,807] 40 root - INFO - Pipeline Initiated
[2024-04-04 11:09:06,807] 72 root - INFO - Exception occured in the initiate_datatransformation
