[2024-04-04 17:27:50,192] 22 root - INFO - Data ingestion start 
[2024-04-04 17:27:53,256] 27 root - INFO - Reading a DataFrame
[2024-04-04 17:27:54,237] 36 root - INFO - I have saved the raw dataset in artifact folder
[2024-04-04 17:27:54,238] 38 root - INFO - Here I have performed train test split
[2024-04-04 17:27:54,264] 42 root - INFO - train test split completed
[2024-04-04 17:27:56,582] 49 root - INFO - Data Ingestion Part Completed
[2024-04-04 17:27:56,724] 91 root - INFO - read train and test data complete
[2024-04-04 17:27:56,729] 92 root - INFO - Train Dataframe Head : 
       id  carat      cut color clarity  depth  table     x     y     z  price
0    3868   0.54    Ideal     G    VVS2   62.1   57.0  5.26  5.24  3.26   1875
1   86337   0.33    Ideal     H     SI1   61.2   56.0  4.46  4.49  2.74    446
2   41233   0.93  Premium     H     VS2   60.4   59.0  6.34  6.38  3.84   4029
3  129643   0.30    Ideal     D     SI1   62.9   56.0  4.25  4.28  2.68    626
4   45024   0.76    Ideal     E     VS2   61.1   56.0  5.91  5.94  3.62   3162
[2024-04-04 17:27:56,732] 93 root - INFO - Test Dataframe Head : 
       id  carat        cut color clarity  depth  table     x     y     z  price
0   67936   0.75      Ideal     E     VS2   61.7   55.0  5.81  5.84  3.60   3599
1  139355   0.79    Premium     H     VS2   62.7   60.0  5.88  5.84  3.67   2909
2  174256   2.08      Ideal     F     SI2   62.0   55.0  8.15  8.10  5.04  18055
3  166721   0.90      Ideal     H     SI2   62.1   55.0  6.20  6.22  3.85   3240
4  155238   0.90  Very Good     F     SI1   62.1   59.0  6.14  6.18  3.83   3508
[2024-04-04 17:27:56,732] 36 root - INFO - Data Transformation initiated
[2024-04-04 17:27:56,732] 47 root - INFO - Pipeline Initiated
[2024-04-04 17:27:57,019] 113 root - INFO - Applying preprocessing object on training and testing datasets.
[2024-04-04 17:27:57,026] 127 root - INFO - preprocessing pickle file saved
[2024-04-04 17:27:57,029] 21 root - INFO - Splitting Dependt and Independent Variable
[2024-04-04 17:27:57,783] 42 root - INFO - Model Report :{'LinearRegression': 0.9368611159428145, 'Lasso': 0.9368442154178347, 'Ridge': 0.9368609736933148, 'Elasticnet': 0.8551095991652373}
[2024-04-04 17:27:57,784] 55 root - INFO - Best Model Found , Model Name : LinearRegression , R2 Score : 0.9368611159428145
[2024-04-04 17:27:57,785] 15 root - INFO - evaluation started
[2024-04-04 17:27:57,785] 21 root - INFO - Splitting Dependt and Independent Variable
[2024-04-04 17:27:58,657] 42 root - INFO - Model Report :{'LinearRegression': 0.9368611159428145, 'Lasso': 0.9368442154178347, 'Ridge': 0.9368609736933148, 'Elasticnet': 0.8551095991652373}
[2024-04-04 17:27:58,658] 55 root - INFO - Best Model Found , Model Name : LinearRegression , R2 Score : 0.9368611159428145
