[2024-04-04 17:33:20,710] 22 root - INFO - Data ingestion start 
[2024-04-04 17:33:23,542] 27 root - INFO - Reading a DataFrame
[2024-04-04 17:33:24,512] 36 root - INFO - I have saved the raw dataset in artifact folder
[2024-04-04 17:33:24,512] 38 root - INFO - Here I have performed train test split
[2024-04-04 17:33:24,538] 42 root - INFO - train test split completed
[2024-04-04 17:33:26,828] 49 root - INFO - Data Ingestion Part Completed
[2024-04-04 17:33:26,964] 91 root - INFO - read train and test data complete
[2024-04-04 17:33:26,969] 92 root - INFO - Train Dataframe Head : 
       id  carat        cut color clarity  depth  table     x     y     z  price
0  126586   0.70      Ideal     H     VS1   62.7   54.0  5.66  5.72  3.57   2637
1   74128   0.30  Very Good     I     SI1   63.4   59.0  4.27  4.23  2.69    450
2    3071   0.54      Ideal     F     VS2   60.7   56.0  5.28  5.30  3.21   1722
3  165030   1.03      Ideal     H     SI1   61.9   57.0  6.46  6.50  4.00   5421
4  181720   0.72      Ideal     F     VS2   62.6   56.0  5.73  5.68  3.57   2968
[2024-04-04 17:33:26,973] 93 root - INFO - Test Dataframe Head : 
       id  carat        cut color clarity  depth  table     x     y     z  price
0   54646   1.02  Very Good     G     SI1   61.4   58.0  6.41  6.44  3.94   4904
1  163835   0.70  Very Good     H     SI1   63.4   59.0  5.63  5.66  3.57   2184
2  115397   0.81  Very Good     G     SI1   62.2   57.0  5.91  5.94  3.69   2723
3  122614   1.61    Premium     E     SI1   62.2   57.0  7.54  7.46  4.66  10080
4   85571   0.30  Very Good     F     VS2   63.4   55.0  4.30  4.25  2.71    776
[2024-04-04 17:33:26,973] 36 root - INFO - Data Transformation initiated
[2024-04-04 17:33:26,973] 47 root - INFO - Pipeline Initiated
[2024-04-04 17:33:27,256] 113 root - INFO - Applying preprocessing object on training and testing datasets.
[2024-04-04 17:33:27,261] 127 root - INFO - preprocessing pickle file saved
[2024-04-04 17:33:27,265] 21 root - INFO - Splitting Dependt and Independent Variable
[2024-04-04 17:33:27,988] 42 root - INFO - Model Report :{'LinearRegression': 0.9351722920385549, 'Lasso': 0.9351498838721762, 'Ridge': 0.9351741408676163, 'Elasticnet': 0.8540786234647526}
[2024-04-04 17:33:27,989] 55 root - INFO - Best Model Found , Model Name : Ridge , R2 Score : 0.9351741408676163
[2024-04-04 17:33:27,990] 15 root - INFO - evaluation started
