[2024-04-04 11:44:06,964] 22 root - INFO - Data ingestion start 
[2024-04-04 11:44:09,770] 27 root - INFO - Reading a DataFrame
[2024-04-04 11:44:10,742] 36 root - INFO - I have saved the raw dataset in artifact folder
[2024-04-04 11:44:10,742] 38 root - INFO - Here I have performed train test split
[2024-04-04 11:44:10,769] 42 root - INFO - train test split completed
[2024-04-04 11:44:11,746] 49 root - INFO - Data Ingestion Part Completed
[2024-04-04 11:44:11,966] 87 root - INFO - read train and test data complete
[2024-04-04 11:44:11,971] 88 root - INFO - Train Dataframe Head : 
       id  carat    cut color clarity  depth  table     x     y     z  price
0  135893   0.41   Good     E     SI1   63.8   57.0  4.69  4.73  3.01    755
1   69944   0.33  Ideal     H     VS1   61.0   57.0  4.47  4.45  2.73    743
2  171131   1.03  Ideal     H     SI1   61.2   56.0  6.55  6.48  3.98   4890
3   84405   0.26  Ideal     H    VVS1   62.0   55.0  4.08  4.11  2.54    675
4  119523   0.40  Ideal     D    VVS2   61.1   55.0  4.78  4.82  2.93   1167
[2024-04-04 11:44:11,984] 89 root - INFO - Test Dataframe Head : 
       id  carat        cut color clarity  depth  table     x     y     z  price
0   20193   1.16      Ideal     H     VS1   62.7   56.0  6.69  6.72  4.20   7326
1   68636   0.96       Fair     F     SI1   66.8   61.0  6.02  5.88  4.06   3767
2  136317   0.50      Ideal     E     SI1   61.9   56.0  5.10  5.05  3.14   1322
3   65265   1.20  Very Good     I     VS1   63.1   56.0  6.73  6.78  4.25   6248
4   40779   1.36      Ideal     F     SI2   61.0   57.0  7.09  7.13  4.35   6237
[2024-04-04 11:44:11,984] 32 root - INFO - Data Transformation initiated
[2024-04-04 11:44:11,984] 43 root - INFO - Pipeline Initiated
[2024-04-04 11:44:12,279] 107 root - INFO - Applying preprocessing object on training and testing datasets.
[2024-04-04 11:44:12,287] 117 root - INFO - preprocessing pickle file saved
[2024-04-04 11:44:12,292] 21 root - INFO - Splitting Dependt and Independent Variable
[2024-04-04 11:44:13,241] 42 root - INFO - Model Report :{'LinearRegression': 0.9358844678883103, 'Lasso': 0.9358887578418322, 'Ridge': 0.9358846604106701, 'Elasticnet': 0.8542499341942461}
[2024-04-04 11:44:13,242] 55 root - INFO - Best Model Found , Model Name : Lasso , R2 Score : 0.9358887578418322
