[2024-04-04 11:14:19,209] 22 root - INFO - Data ingestion start 
[2024-04-04 11:14:22,364] 27 root - INFO - Reading a DataFrame
[2024-04-04 11:14:23,343] 36 root - INFO - I have saved the raw dataset in artifact folder
[2024-04-04 11:14:23,344] 38 root - INFO - Here I have performed train test split
[2024-04-04 11:14:23,372] 42 root - INFO - train test split completed
[2024-04-04 11:14:24,409] 49 root - INFO - Data Ingestion Part Completed
[2024-04-04 11:14:24,556] 81 root - INFO - Read Train and Test Data Complete
[2024-04-04 11:14:24,561] 82 root - INFO - Train Dataframe Head : 
       id  carat    cut color clarity  depth  table     x     y     z  price
0   68953   0.39  Ideal     F     VS1   61.5   56.0  4.72  4.68  2.89    957
1  131055   0.33  Ideal     I     VS2   61.7   55.0  4.45  4.43  2.73    492
2   49784   1.05   Good     H     SI2   63.7   56.0  6.42  6.46  4.09   4155
3  161891   0.31  Ideal     F     VS2   61.0   56.0  4.38  4.41  2.68    863
4  104764   0.74  Ideal     D     VS2   60.9   56.0  5.82  5.85  3.55   4318
[2024-04-04 11:14:24,565] 83 root - INFO - Test Dataframe Head : 
       id  carat      cut color clarity  depth  table     x     y     z  price
0   78621   0.73  Premium     D     SI2   61.6   59.0  5.81  5.78  3.57   2512
1  162321   0.31    Ideal     D     SI1   61.6   56.0  4.37  4.39  2.69    756
2  179912   2.01  Premium     H     SI1   62.6   58.0  8.08  8.03  5.05  17213
3  157955   0.32    Ideal     G    VVS2   61.4   56.0  4.43  4.46  2.73    846
4  108564   0.34    Ideal     J     SI2   61.9   56.0  4.50  4.55  2.80    345
[2024-04-04 11:14:24,565] 29 root - INFO - Data Transformation initiated
[2024-04-04 11:14:24,565] 40 root - INFO - Pipeline Initiated
[2024-04-04 11:14:24,565] 72 root - INFO - Exception occured in the initiate_datatransformation
[2024-04-04 11:14:24,571] 127 root - INFO - Error occured during Data Preprocessing
