[2024-04-04 17:22:04,831] 22 root - INFO - Data ingestion start 
[2024-04-04 17:22:07,670] 27 root - INFO - Reading a DataFrame
[2024-04-04 17:22:08,620] 36 root - INFO - I have saved the raw dataset in artifact folder
[2024-04-04 17:22:08,620] 38 root - INFO - Here I have performed train test split
[2024-04-04 17:22:08,649] 42 root - INFO - train test split completed
[2024-04-04 17:22:10,954] 49 root - INFO - Data Ingestion Part Completed
[2024-04-04 17:22:11,098] 91 root - INFO - read train and test data complete
[2024-04-04 17:22:11,103] 92 root - INFO - Train Dataframe Head : 
       id  carat      cut color clarity  depth  table     x     y     z  price
0    1163   2.31    Ideal     H     SI2   62.8   57.0  8.43  8.35  5.30  13597
1  185207   0.71    Ideal     J     VS1   61.7   56.0  5.69  5.74  3.53   1874
2    5243   0.73    Ideal     D     SI1   61.0   57.0  5.85  5.89  3.57   3175
3   21418   0.52    Ideal     F     VS1   61.7   56.0  5.18  5.19  3.20   1920
4  176366   2.00  Premium     H     SI2   60.5   60.0  8.09  8.05  4.88  13655
[2024-04-04 17:22:11,106] 93 root - INFO - Test Dataframe Head : 
       id  carat        cut color clarity  depth  table     x     y     z  price
0   20530   1.02    Premium     H     SI2   62.9   58.0  6.46  6.40  4.04   4054
1   60027   1.01  Very Good     J     SI1   62.7   59.0  6.18  6.22  3.89   3692
2  161787   0.54  Very Good     F     VS1   62.5   57.0  5.17  5.20  3.24   1666
3  109657   0.53      Ideal     H     VS1   61.9   56.0  5.22  5.24  3.23   1664
4  120166   1.50       Good     J     VS2   64.2   56.0  7.17  7.22  4.62   7177
[2024-04-04 17:22:11,106] 36 root - INFO - Data Transformation initiated
[2024-04-04 17:22:11,106] 47 root - INFO - Pipeline Initiated
[2024-04-04 17:22:11,413] 113 root - INFO - Applying preprocessing object on training and testing datasets.
[2024-04-04 17:22:11,431] 127 root - INFO - preprocessing pickle file saved
[2024-04-04 17:22:11,435] 21 root - INFO - Splitting Dependt and Independent Variable
[2024-04-04 17:22:13,367] 42 root - INFO - Model Report :{'LinearRegression': 0.9366806961437316, 'Lasso': 0.9370466323806002, 'Ridge': 0.9366779908245584, 'Elasticnet': 0.8544987719237279}
[2024-04-04 17:22:13,367] 55 root - INFO - Best Model Found , Model Name : Lasso , R2 Score : 0.9370466323806002
[2024-04-04 17:22:13,369] 15 root - INFO - Evaluation start
[2024-04-04 17:22:13,369] 21 root - INFO - Splitting Dependt and Independent Variable
[2024-04-04 17:22:15,230] 42 root - INFO - Model Report :{'LinearRegression': 0.9366806961437316, 'Lasso': 0.9370466323806002, 'Ridge': 0.9366779908245584, 'Elasticnet': 0.8544987719237279}
[2024-04-04 17:22:15,230] 55 root - INFO - Best Model Found , Model Name : Lasso , R2 Score : 0.9370466323806002
