[2024-04-04 17:08:50,376] 22 root - INFO - Data ingestion start 
[2024-04-04 17:08:53,468] 27 root - INFO - Reading a DataFrame
[2024-04-04 17:08:54,422] 36 root - INFO - I have saved the raw dataset in artifact folder
[2024-04-04 17:08:54,422] 38 root - INFO - Here I have performed train test split
[2024-04-04 17:08:54,447] 42 root - INFO - train test split completed
[2024-04-04 17:08:55,408] 49 root - INFO - Data Ingestion Part Completed
[2024-04-04 17:08:55,549] 91 root - INFO - read train and test data complete
[2024-04-04 17:08:55,553] 92 root - INFO - Train Dataframe Head : 
       id  carat        cut color clarity  depth  table     x     y     z  price
0   77212   0.71      Ideal     G     SI1   62.1   57.0  5.73  5.67  3.54   2346
1   90361   0.71      Ideal     I     VS2   60.8   59.0  5.72  5.74  3.49   2344
2  182353   1.27      Ideal     H     SI1   62.0   57.0  6.96  6.92  4.31   5936
3  108348   0.77      Ideal     G     VS2   61.6   56.0  5.88  5.91  3.63   3171
4   17715   1.02  Very Good     G     SI2   63.1   59.0  6.34  6.38  4.01   3862
[2024-04-04 17:08:55,557] 93 root - INFO - Test Dataframe Head : 
       id  carat    cut color clarity  depth  table     x     y     z  price
0   41643   0.31  Ideal     E    VVS2   61.0   56.0  4.37  4.39  2.67    791
1   12875   0.79  Ideal     H     VS1   62.5   57.0  5.97  5.92  3.71   3368
2  136581   0.80  Ideal     G     VS2   61.0   56.0  6.01  6.03  3.67   3286
3  145115   0.70  Ideal     D     SI1   61.8   57.0  5.70  5.73  3.53   2726
4  121118   0.71  Ideal     F     SI1   61.7   57.0  5.74  5.77  3.55   2352
[2024-04-04 17:08:55,557] 36 root - INFO - Data Transformation initiated
[2024-04-04 17:08:55,557] 47 root - INFO - Pipeline Initiated
[2024-04-04 17:08:55,849] 113 root - INFO - Applying preprocessing object on training and testing datasets.
[2024-04-04 17:08:55,856] 127 root - INFO - preprocessing pickle file saved
[2024-04-04 17:08:55,859] 21 root - INFO - Splitting Dependt and Independent Variable
[2024-04-04 17:08:57,133] 42 root - INFO - Model Report :{'LinearRegression': 0.9374897316821578, 'Lasso': 0.9375131160175988, 'Ridge': 0.9374892831387301, 'Elasticnet': 0.8552515201870448}
[2024-04-04 17:08:57,133] 55 root - INFO - Best Model Found , Model Name : Lasso , R2 Score : 0.9375131160175988
[2024-04-04 17:08:57,134] 15 root - INFO - Evaluation start
[2024-04-04 17:08:57,135] 21 root - INFO - Splitting Dependt and Independent Variable
[2024-04-04 17:08:58,396] 42 root - INFO - Model Report :{'LinearRegression': 0.9374897316821578, 'Lasso': 0.9375131160175988, 'Ridge': 0.9374892831387301, 'Elasticnet': 0.8552515201870448}
[2024-04-04 17:08:58,397] 55 root - INFO - Best Model Found , Model Name : Lasso , R2 Score : 0.9375131160175988
